2025-04-22T12:10:37.204252+0900 INFO 
Evaluating 1 tracker(s) on 7 sequence(s) for 1 class(es) on MotChallenge2DBox dataset using the following metrics: HOTA, Identity, MAYI, Count

2025-04-22T12:10:37.204467+0900 INFO 
Evaluating last_benchmark

2025-04-22T12:10:39.675059+0900 INFO 
All sequences for last_benchmark finished in 2.47 seconds
2025-04-22T12:10:39.675325+0900 INFO HOTA: last_benchmark-pedestrian         HOTA      DetA      AssA      DetRe     DetPr     AssRe     AssPr     LocA      OWTA      HOTA(0)   LocA(0)   HOTALocA(0)
2025-04-22T12:10:39.675587+0900 INFO MOT17-02-FRCNN                          11.197    8.2751    16.614    9.6142    28.424    22.783    33.354    66.224    12.166    25.711    35.446    9.1136    
2025-04-22T12:10:39.675803+0900 INFO MOT17-04-FRCNN                          22.391    13.242    45.233    19.175    25.575    51.481    57.644    68.824    27.287    38.489    43.944    16.914    
2025-04-22T12:10:39.675997+0900 INFO MOT17-05-FRCNN                          9.9279    11.251    9.1604    16.026    20.841    18.634    17.037    63.129    11.949    28.632    32.077    9.1842    
2025-04-22T12:10:39.676185+0900 INFO MOT17-09-FRCNN                          6.5169    6.997     6.376     10.324    14.3      12.253    11.823    62.544    7.9665    20.946    29.138    6.1032    
2025-04-22T12:10:39.676375+0900 INFO MOT17-10-FRCNN                          2.636     3.2769    2.3019    5.1729    7.0838    3.3453    8.2194    60.537    3.3297    10.762    21.777    2.3437    
2025-04-22T12:10:39.676558+0900 INFO MOT17-11-FRCNN                          11.474    11.708    11.562    17.778    19.847    21.249    18.269    63.157    14.222    32.951    33.717    11.11     
2025-04-22T12:10:39.676743+0900 INFO MOT17-13-FRCNN                          1.9471    1.8936    2.1093    3.3436    3.9523    4.4571    5.3837    62.547    2.5905    7.0324    26.873    1.8898    
2025-04-22T12:10:39.676941+0900 INFO COMBINED                                16.453    9.8247    35.453    14.164    20.536    42.576    47.779    66.745    20.033    30.793    37.863    11.659    
2025-04-22T12:10:40.082164+0900 INFO Identity: last_benchmark-pedestrian     IDF1      IDR       IDP       IDTP      IDFN      IDFP      
2025-04-22T12:10:40.082329+0900 INFO MOT17-02-FRCNN                          7.7341    5.175     15.3      513       9400      2840      
2025-04-22T12:10:40.082416+0900 INFO MOT17-04-FRCNN                          17.669    15.459    20.618    3745      20481     14419     
2025-04-22T12:10:40.082485+0900 INFO MOT17-05-FRCNN                          7.6988    6.8094    8.8554    229       3134      2357      
2025-04-22T12:10:40.082551+0900 INFO MOT17-09-FRCNN                          2.9719    2.5588    3.5441    74        2818      2014      
2025-04-22T12:10:40.082614+0900 INFO MOT17-10-FRCNN                          1.0692    0.92499   1.2667    55        5891      4287      
2025-04-22T12:10:40.082680+0900 INFO MOT17-11-FRCNN                          8.1566    7.7314    8.6313    350       4177      3705      
2025-04-22T12:10:40.082742+0900 INFO MOT17-13-FRCNN                          0.7166    0.66142   0.78183   21        3154      2665      
2025-04-22T12:10:40.082803+0900 INFO COMBINED                                10.923    9.228     13.379    4987      49055     32287     
2025-04-22T12:10:40.082897+0900 INFO MAYI: last_benchmark-pedestrian         MOTA      Frag      ID_ERROR  IDSW      IDAS      IDSW_R    IDMG      IDTF_R    IDEX      NUM_GT    NUM_HYP   TIDP      TIDR      
2025-04-22T12:10:40.082980+0900 INFO MOT17-02-FRCNN                          -18.138   34        32        15        8         1         14        3         6         53        35        5.7143    100       
2025-04-22T12:10:40.083052+0900 INFO MOT17-04-FRCNN                          -36.523   78        61        44        12        4         13        4         28        69        57        1.7544    100       
2025-04-22T12:10:40.083121+0900 INFO MOT17-05-FRCNN                          -56.23    39        45        29        11        3         15        1         15        71        96        8.9888    53.333    
2025-04-22T12:10:40.083196+0900 INFO MOT17-09-FRCNN                          -61.86    14        15        11        5         0         4         0         6         22        21        0         0         
2025-04-22T12:10:40.083268+0900 INFO MOT17-10-FRCNN                          -69.576   19        17        13        7         1         4         0         5         36        75        4.1096    60        
2025-04-22T12:10:40.083337+0900 INFO MOT17-11-FRCNN                          -63.309   35        41        27        5         8         9         5         14        44        47        2.1277    100       
2025-04-22T12:10:40.083404+0900 INFO MOT17-13-FRCNN                          -81.89    20        31        20        3         0         11        0         17        44        131       27.381    32.857    
2025-04-22T12:10:40.083474+0900 INFO COMBINED                                -44.279   239       242       159       51        17        70        13        91        339       462       9.4059    39.583    
2025-04-22T12:10:40.083597+0900 INFO Count: last_benchmark-pedestrian        Dets      GT_Dets   IDs       GT_IDs    
2025-04-22T12:10:40.083666+0900 INFO MOT17-02-FRCNN                          3353      9913      35        53        
2025-04-22T12:10:40.083726+0900 INFO MOT17-04-FRCNN                          18164     24226     57        69        
2025-04-22T12:10:40.083783+0900 INFO MOT17-05-FRCNN                          2586      3363      96        71        
2025-04-22T12:10:40.083840+0900 INFO MOT17-09-FRCNN                          2088      2892      21        22        
2025-04-22T12:10:40.083897+0900 INFO MOT17-10-FRCNN                          4342      5946      75        36        
2025-04-22T12:10:40.083951+0900 INFO MOT17-11-FRCNN                          4055      4527      47        44        
2025-04-22T12:10:40.084005+0900 INFO MOT17-13-FRCNN                          2686      3175      131       44        
2025-04-22T12:10:40.084060+0900 INFO COMBINED                                37274     54042     462       339       
2025-04-22T12:10:40.086197+0900 INFO 
+--------+--------+------------+-------+------+--------+
|   HOTA |   IDF1 |   ID_ERROR |    LD |   FS |   TIDP |
+========+========+============+=======+======+========+
|  16.45 |  10.92 |        242 | 36.28 | 9.41 |  39.58 |
+--------+--------+------------+-------+------+--------+
