2025-04-22T10:45:54.662294+0900 INFO 
Evaluating 1 tracker(s) on 7 sequence(s) for 1 class(es) on MotChallenge2DBox dataset using the following metrics: HOTA, Identity, MAYI, Count

2025-04-22T10:45:54.662568+0900 INFO 
Evaluating last_benchmark

2025-04-22T10:45:56.899673+0900 INFO 
All sequences for last_benchmark finished in 2.24 seconds
2025-04-22T10:45:56.900022+0900 INFO HOTA: last_benchmark-pedestrian         HOTA      DetA      AssA      DetRe     DetPr     AssRe     AssPr     LocA      OWTA      HOTA(0)   LocA(0)   HOTALocA(0)
2025-04-22T10:45:56.900378+0900 INFO MOT17-02-FRCNN                          11.103    8.2837    16.252    9.6218    28.436    22.505    32.634    66.744    12.058    25.713    35.571    9.1465    
2025-04-22T10:45:56.900627+0900 INFO MOT17-04-FRCNN                          22.232    13.273    44.758    19.211    25.623    51.162    56.875    68.817    27.093    38.17     43.894    16.755    
2025-04-22T10:45:56.900837+0900 INFO MOT17-05-FRCNN                          9.7819    11.236    9.0396    16.17     20.617    17.75     17.899    63.092    11.828    27.88     32.599    9.0888    
2025-04-22T10:45:56.901059+0900 INFO MOT17-09-FRCNN                          6.4676    6.8534    6.5095    10.102    14.003    12.796    12.161    62.29     7.9055    21.298    28.553    6.0812    
2025-04-22T10:45:56.901267+0900 INFO MOT17-10-FRCNN                          2.5962    3.287     2.216     5.1779    7.1189    3.2667    7.7007    61.315    3.2757    10.478    21.98     2.3031    
2025-04-22T10:45:56.901473+0900 INFO MOT17-11-FRCNN                          11.49     11.68     11.643    17.803    19.763    21.535    18.278    63.167    14.269    32.642    33.906    11.068    
2025-04-22T10:45:56.901678+0900 INFO MOT17-13-FRCNN                          2.0171    1.9892    2.1792    3.5521    4.0633    4.2114    7.5641    61.687    2.6993    7.399     26.359    1.9503    
2025-04-22T10:45:56.901875+0900 INFO COMBINED                                16.339    9.8369    35.224    14.2      20.506    42.458    47.385    66.734    19.911    30.548    37.898    11.577    
2025-04-22T10:45:57.483837+0900 INFO Identity: last_benchmark-pedestrian     IDF1      IDR       IDP       IDTP      IDFN      IDFP      
2025-04-22T10:45:57.484164+0900 INFO MOT17-02-FRCNN                          7.6685    5.1316    15.166    507       9373      2836      
2025-04-22T10:45:57.484330+0900 INFO MOT17-04-FRCNN                          17.459    15.274    20.372    3693      20485     14435     
2025-04-22T10:45:57.484458+0900 INFO MOT17-05-FRCNN                          7.5459    6.7322    8.5834    226       3131      2407      
2025-04-22T10:45:57.484575+0900 INFO MOT17-09-FRCNN                          3.067     2.6398    3.6591    76        2803      2001      
2025-04-22T10:45:57.484694+0900 INFO MOT17-10-FRCNN                          0.97742   0.84417   1.1606    50        5873      4258      
2025-04-22T10:45:57.484815+0900 INFO MOT17-11-FRCNN                          8.1062    7.7042    8.5525    348       4169      3721      
2025-04-22T10:45:57.484941+0900 INFO MOT17-13-FRCNN                          0.57481   0.53866   0.61617   17        3139      2742      
2025-04-22T10:45:57.485061+0900 INFO COMBINED                                10.782    9.1241    13.176    4917      48973     32400     
2025-04-22T10:45:57.485308+0900 INFO MAYI: last_benchmark-pedestrian         MOTA      Frag      ID_ERROR  IDSW      IDAS      IDSW_R    IDMG      IDTF_R    IDEX      NUM_GT    NUM_HYP   TIDP      TIDR      
2025-04-22T10:45:57.485473+0900 INFO MOT17-02-FRCNN                          -18.117   30        31        15        7         1         13        3         7         53        33        9.0909    100       
2025-04-22T10:45:57.485630+0900 INFO MOT17-04-FRCNN                          -36.467   80        55        39        9         3         12        4         27        69        58        1.7241    100       
2025-04-22T10:45:57.485777+0900 INFO MOT17-05-FRCNN                          -57.909   41        42        27        11        1         14        1         15        71        99        15.556    60.87     
2025-04-22T10:45:57.485928+0900 INFO MOT17-09-FRCNN                          -61.653   13        14        10        5         0         4         0         5         22        21        21.053    66.667    
2025-04-22T10:45:57.486063+0900 INFO MOT17-10-FRCNN                          -69.391   19        18        14        7         1         4         0         6         36        75        16.438    85.714    
2025-04-22T10:45:57.486197+0900 INFO MOT17-11-FRCNN                          -63.936   34        41        27        5         8         9         5         14        44        46        8.6957    100       
2025-04-22T10:45:57.486334+0900 INFO MOT17-13-FRCNN                          -84.664   18        33        19        3         0         14        0         16        44        163       26.364    35.366    
2025-04-22T10:45:57.486466+0900 INFO COMBINED                                -44.528   235       234       151       47        14        70        13        90        339       495       15.618    50.376    
2025-04-22T10:45:57.486775+0900 INFO Count: last_benchmark-pedestrian        Dets      GT_Dets   IDs       GT_IDs    
2025-04-22T10:45:57.486932+0900 INFO MOT17-02-FRCNN                          3343      9880      33        53        
2025-04-22T10:45:57.487085+0900 INFO MOT17-04-FRCNN                          18128     24178     58        69        
2025-04-22T10:45:57.487230+0900 INFO MOT17-05-FRCNN                          2633      3357      99        71        
2025-04-22T10:45:57.487375+0900 INFO MOT17-09-FRCNN                          2077      2879      21        22        
2025-04-22T10:45:57.487521+0900 INFO MOT17-10-FRCNN                          4308      5923      75        36        
2025-04-22T10:45:57.487661+0900 INFO MOT17-11-FRCNN                          4069      4517      46        44        
2025-04-22T10:45:57.487798+0900 INFO MOT17-13-FRCNN                          2759      3156      163       44        
2025-04-22T10:45:57.487937+0900 INFO COMBINED                                37317     53890     495       339       
2025-04-22T10:45:57.493352+0900 INFO 
+--------+--------+------------+-------+-------+--------+
|   HOTA |   IDF1 |   ID_ERROR |    LD |    FS |   TIDP |
+========+========+============+=======+=======+========+
|  16.34 |  10.78 |        234 | 46.02 | 15.62 |  50.38 |
+--------+--------+------------+-------+-------+--------+
