2025-04-22T11:48:42.685512+0900 INFO 
Evaluating 1 tracker(s) on 7 sequence(s) for 1 class(es) on MotChallenge2DBox dataset using the following metrics: HOTA, Identity, MAYI, Count

2025-04-22T11:48:42.685785+0900 INFO 
Evaluating last_benchmark

2025-04-22T11:48:44.904518+0900 INFO 
All sequences for last_benchmark finished in 2.22 seconds
2025-04-22T11:48:44.904958+0900 INFO HOTA: last_benchmark-pedestrian         HOTA      DetA      AssA      DetRe     DetPr     AssRe     AssPr     LocA      OWTA      HOTA(0)   LocA(0)   HOTALocA(0)
2025-04-22T11:48:44.905305+0900 INFO MOT17-02-FRCNN                          3.5139    1.5298    9.8623    1.9007    5.2942    14.99     12.464    65.564    3.9518    20.983    13.372    2.8058    
2025-04-22T11:48:44.905537+0900 INFO MOT17-04-FRCNN                          2.1932    1.2836    4.0135    2.0026    2.4877    4.9713    5.8092    86.122    2.7583    28.173    8.6269    2.4305    
2025-04-22T11:48:44.905752+0900 INFO MOT17-05-FRCNN                          9.2331    9.8178    9.7182    13.849    18.01     17.013    19.675    61.594    11.143    28.631    27.176    7.7809    
2025-04-22T11:48:44.905954+0900 INFO MOT17-09-FRCNN                          1.9643    1.1067    3.6679    1.9964    2.2939    7.8024    6.3471    61.596    2.6433    9.3889    18.853    1.7701    
2025-04-22T11:48:44.906144+0900 INFO MOT17-10-FRCNN                          1.6044    0.8522    3.3828    1.4313    1.9422    5.5894    11.21     61.654    2.0851    8.4729    16.08     1.3625    
2025-04-22T11:48:44.906330+0900 INFO MOT17-11-FRCNN                          6.031     5.6052    7.7728    8.4394    9.4218    13.432    13.627    61.098    7.5663    35.706    15.616    5.5758    
2025-04-22T11:48:44.906515+0900 INFO MOT17-13-FRCNN                          0.85187   0.54696   1.7088    0.97969   1.1581    2.9439    8.4888    70.349    1.1439    5.138     13.371    0.687     
2025-04-22T11:48:44.906699+0900 INFO COMBINED                                4.0017    2.0092    9.8646    3.137     4.3152    16.116    17.622    59.48     5.0629    24.27     13.432    3.2601    
2025-04-22T11:48:45.424129+0900 INFO Identity: last_benchmark-pedestrian     IDF1      IDR       IDP       IDTP      IDFN      IDFP      
2025-04-22T11:48:45.424328+0900 INFO MOT17-02-FRCNN                          0.17815   0.12105   0.33717   12        9901      3547      
2025-04-22T11:48:45.424427+0900 INFO MOT17-04-FRCNN                          0         0         0         0         24226     19502     
2025-04-22T11:48:45.424512+0900 INFO MOT17-05-FRCNN                          5.5808    4.9361    6.4192    166       3197      2420      
2025-04-22T11:48:45.424592+0900 INFO MOT17-09-FRCNN                          0.4437    0.41494   0.47676   12        2880      2505      
2025-04-22T11:48:45.424669+0900 INFO MOT17-10-FRCNN                          0.25174   0.21863   0.29667   13        5933      4369      
2025-04-22T11:48:45.424744+0900 INFO MOT17-11-FRCNN                          1.0254    0.97195   1.0851    44        4483      4011      
2025-04-22T11:48:45.424827+0900 INFO MOT17-13-FRCNN                          0         0         0         0         3175      2686      
2025-04-22T11:48:45.424905+0900 INFO COMBINED                                0.52931   0.45705   0.62871   247       53795     39040     
2025-04-22T11:48:45.425051+0900 INFO MAYI: last_benchmark-pedestrian         MOTA      Frag      ID_ERROR  IDSW      IDAS      IDSW_R    IDMG      IDTF_R    IDEX      NUM_GT    NUM_HYP   TIDP      TIDR      
2025-04-22T11:48:45.425152+0900 INFO MOT17-02-FRCNN                          -35.66    0         0         0         0         0         0         0         0         53        37        8.1081    100       
2025-04-22T11:48:45.425240+0900 INFO MOT17-04-FRCNN                          -80.5     0         0         0         0         0         0         0         0         69        59        3.3898    100       
2025-04-22T11:48:45.425327+0900 INFO MOT17-05-FRCNN                          -63.961   15        19        13        8         4         6         0         1         71        96        13.483    63.158    
2025-04-22T11:48:45.425420+0900 INFO MOT17-09-FRCNN                          -86.203   1         2         2         0         1         0         0         1         22        27        8.6957    33.333    
2025-04-22T11:48:45.425506+0900 INFO MOT17-10-FRCNN                          -72.973   1         1         1         1         0         0         0         0         36        75        13.699    83.333    
2025-04-22T11:48:45.425589+0900 INFO MOT17-11-FRCNN                          -87.63    1         0         0         0         0         0         0         0         44        47        10.638    100       
2025-04-22T11:48:45.425673+0900 INFO MOT17-13-FRCNN                          -84.598   0         0         0         0         0         0         0         0         44        131       27.381    32.857    
2025-04-22T11:48:45.425756+0900 INFO COMBINED                                -71.561   18        22        16        9         5         6         0         2         339       472       13.835    48.718    
2025-04-22T11:48:45.425930+0900 INFO Count: last_benchmark-pedestrian        Dets      GT_Dets   IDs       GT_IDs    
2025-04-22T11:48:45.426008+0900 INFO MOT17-02-FRCNN                          3559      9913      37        53        
2025-04-22T11:48:45.426078+0900 INFO MOT17-04-FRCNN                          19502     24226     59        69        
2025-04-22T11:48:45.426146+0900 INFO MOT17-05-FRCNN                          2586      3363      96        71        
2025-04-22T11:48:45.426214+0900 INFO MOT17-09-FRCNN                          2517      2892      27        22        
2025-04-22T11:48:45.426281+0900 INFO MOT17-10-FRCNN                          4382      5946      75        36        
2025-04-22T11:48:45.426349+0900 INFO MOT17-11-FRCNN                          4055      4527      47        44        
2025-04-22T11:48:45.426415+0900 INFO MOT17-13-FRCNN                          2686      3175      131       44        
2025-04-22T11:48:45.426483+0900 INFO COMBINED                                39287     54042     472       339       
2025-04-22T11:48:45.428972+0900 INFO 
+--------+--------+------------+-------+-------+--------+
|   HOTA |   IDF1 |   ID_ERROR |    LD |    FS |   TIDP |
+========+========+============+=======+=======+========+
|      4 |   0.53 |         22 | 39.23 | 13.83 |  48.72 |
+--------+--------+------------+-------+-------+--------+
